0 verbose cli C:\Program Files\nodejs\node.exe C:\Program Files\nodejs\node_modules\npm\bin\npm-cli.js
1 info using npm@11.6.2
2 info using node@v25.2.1
3 silly config load:file:C:\Program Files\nodejs\node_modules\npm\npmrc
4 silly config load:file:T:\TRU-Pronounce\TRU-Pronounce-3repo-bundle\TRU-Pronounce-Bundle\TRU-Pronounce-Runtime\.npmrc
5 silly config load:file:C:\Users\earl\.npmrc
6 silly config load:file:C:\Users\earl\AppData\Roaming\npm\etc\npmrc
7 verbose title npm install
8 verbose argv "install" "--cache" ".npm-cache"
9 verbose logfile logs-max:10 dir:T:\TRU-Pronounce\TRU-Pronounce-3repo-bundle\TRU-Pronounce-Bundle\TRU-Pronounce-Runtime\.npm-cache\_logs\2026-02-07T23_59_37_802Z-
10 verbose logfile T:\TRU-Pronounce\TRU-Pronounce-3repo-bundle\TRU-Pronounce-Bundle\TRU-Pronounce-Runtime\.npm-cache\_logs\2026-02-07T23_59_37_802Z-debug-0.log
11 silly logfile done cleaning log files
12 silly packumentCache heap:4496293888 maxSize:1124073472 maxEntrySize:562036736
13 http fetch GET https://registry.npmjs.org/npm attempt 1 failed with EACCES
14 silly idealTree buildDeps
15 silly fetch manifest svelte@^4.2.12
16 silly packumentCache full:https://registry.npmjs.org/svelte cache-miss
17 http fetch GET https://registry.npmjs.org/svelte attempt 1 failed with EACCES
18 http fetch GET https://registry.npmjs.org/npm attempt 2 failed with EACCES
19 http fetch GET https://registry.npmjs.org/svelte attempt 2 failed with EACCES
20 http fetch GET https://registry.npmjs.org/npm attempt 3 failed with EACCES
21 http fetch GET https://registry.npmjs.org/svelte attempt 3 failed with EACCES
22 silly fetch manifest @sveltejs/vite-plugin-svelte@^3.1.2
23 silly packumentCache full:https://registry.npmjs.org/@sveltejs%2fvite-plugin-svelte cache-miss
24 http fetch GET https://registry.npmjs.org/@sveltejs%2fvite-plugin-svelte attempt 1 failed with EACCES
25 http fetch GET https://registry.npmjs.org/@sveltejs%2fvite-plugin-svelte attempt 2 failed with EACCES
26 http fetch GET https://registry.npmjs.org/@sveltejs%2fvite-plugin-svelte attempt 3 failed with EACCES
27 silly fetch manifest vite@^5.0.0
28 silly packumentCache full:https://registry.npmjs.org/vite cache-miss
29 http fetch GET https://registry.npmjs.org/vite attempt 1 failed with EACCES
30 http fetch GET https://registry.npmjs.org/vite attempt 2 failed with EACCES
31 http fetch GET https://registry.npmjs.org/vite attempt 3 failed with EACCES
32 silly placeDep ROOT @sveltejs/vite-plugin-svelte@ OK for: tru-pronounce-runtime@0.2.0 want: ^3.1.2
33 silly placeDep ROOT svelte@ OK for: tru-pronounce-runtime@0.2.0 want: ^4.2.12
34 silly placeDep ROOT vite@ OK for: tru-pronounce-runtime@0.2.0 want: ^5.0.0
35 verbose type system
36 verbose stack FetchError: request to https://registry.npmjs.org/@sveltejs%2fvite-plugin-svelte failed, reason: 
36 verbose stack     at ClientRequest.<anonymous> (C:\Program Files\nodejs\node_modules\npm\node_modules\minipass-fetch\lib\index.js:130:14)
36 verbose stack     at ClientRequest.emit (node:events:508:28)
36 verbose stack     at emitErrorEvent (node:_http_client:108:11)
36 verbose stack     at _destroy (node:_http_client:962:9)
36 verbose stack     at onSocketNT (node:_http_client:982:5)
36 verbose stack     at process.processTicksAndRejections (node:internal/process/task_queues:90:21)
37 error code EACCES
38 error errno EACCES
39 error FetchError: request to https://registry.npmjs.org/@sveltejs%2fvite-plugin-svelte failed, reason: 
39 error     at ClientRequest.<anonymous> (C:\Program Files\nodejs\node_modules\npm\node_modules\minipass-fetch\lib\index.js:130:14)
39 error     at ClientRequest.emit (node:events:508:28)
39 error     at emitErrorEvent (node:_http_client:108:11)
39 error     at _destroy (node:_http_client:962:9)
39 error     at onSocketNT (node:_http_client:982:5)
39 error     at process.processTicksAndRejections (node:internal/process/task_queues:90:21) {
39 error   code: 'EACCES',
39 error   errno: 'EACCES',
39 error   type: 'system',
39 error   requiredBy: '.'
39 error }
40 error
40 error The operation was rejected by your operating system.
40 error It's possible that the file was already in use (by a text editor or antivirus),
40 error or that you lack permissions to access it.
40 error
40 error If you believe this might be a permissions issue, please double-check the
40 error permissions of the file and its containing directories, or try running
40 error the command again as root/Administrator.
41 silly unfinished npm timer reify 1770508778039
42 silly unfinished npm timer reify:loadTrees 1770508778040
43 verbose cwd T:\TRU-Pronounce\TRU-Pronounce-3repo-bundle\TRU-Pronounce-Bundle\TRU-Pronounce-Runtime
44 verbose os Windows_NT 10.0.26200
45 verbose node v25.2.1
46 verbose npm  v11.6.2
47 verbose exit 1
48 verbose code 1
49 error A complete log of this run can be found in: T:\TRU-Pronounce\TRU-Pronounce-3repo-bundle\TRU-Pronounce-Bundle\TRU-Pronounce-Runtime\.npm-cache\_logs\2026-02-07T23_59_37_802Z-debug-0.log
